<html>
<head>
<title>TestNG:  MyTestResults</title>
<link href="../testng.css" rel="stylesheet" type="text/css" />
<link href="../my-testng.css" rel="stylesheet" type="text/css" />

<style type="text/css">
.log { display: none;} 
.stack-trace { display: none;} 
</style>
<script type="text/javascript">
<!--
function flip(e) {
  current = e.style.display;
  if (current == 'block') {
    e.style.display = 'none';
    return 0;
  }
  else {
    e.style.display = 'block';
    return 1;
  }
}

function toggleBox(szDivId, elem, msg1, msg2)
{
  var res = -1;  if (document.getElementById) {
    res = flip(document.getElementById(szDivId));
  }
  else if (document.all) {
    // this is the way old msie versions work
    res = flip(document.all[szDivId]);
  }
  if(elem) {
    if(res == 0) elem.innerHTML = msg1; else elem.innerHTML = msg2;
  }

}

function toggleAllBoxes() {
  if (document.getElementsByTagName) {
    d = document.getElementsByTagName('div');
    for (i = 0; i < d.length; i++) {
      if (d[i].className == 'log') {
        flip(d[i]);
      }
    }
  }
}

// -->
</script>

</head>
<body>
<h2 align='center'>MyTestResults</h2><table border='1' align="center">
<tr>
<td>Tests passed/Failed/Skipped:</td><td>14/0/0</td>
</tr><tr>
<td>Started on:</td><td>Fri Aug 09 21:54:48 EDT 2019</td>
</tr>
<tr><td>Total time:</td><td>80 seconds (80895 ms)</td>
</tr><tr>
<td>Included groups:</td><td></td>
</tr><tr>
<td>Excluded groups:</td><td></td>
</tr>
</table><p/>
<small><i>(Hover the method name to see the test class name)</i></small><p/>
<table width='100%' border='1' class='invocation-failed'>
<tr><td colspan='4' align='center'><b>FAILED CONFIGURATIONS</b></td></tr>
<tr><td><b>Test method</b></td>
<td width="30%"><b>Exception</b></td>
<td width="10%"><b>Time (seconds)</b></td>
<td><b>Instance</b></td>
</tr>
<tr>
<td title='testNG.AakruthiSample.afterMethod()'><b>afterMethod</b><br>Test class: testNG.AakruthiSample</td>
<td><div><pre>org.openqa.selenium.WebDriverException: unknown error: cannot activate web view
  (Session info: chrome=76.0.3809.100)
Build info: version: &apos;3.141.59&apos;, revision: &apos;e82be7d358&apos;, time: &apos;2018-11-14T08:25:53&apos;
System info: host: &apos;AARAV&apos;, ip: &apos;192.168.1.80&apos;, os.name: &apos;Windows 8.1&apos;, os.arch: &apos;amd64&apos;, os.version: &apos;6.3&apos;, java.version: &apos;1.8.0_221&apos;
Driver info: org.openqa.selenium.chrome.ChromeDriver
Capabilities {acceptInsecureCerts: false, browserName: chrome, browserVersion: 76.0.3809.100, chrome: {chromedriverVersion: 75.0.3770.90 (a6dcaf7e3ec6f..., userDataDir: C:\Users\Deepak\AppData\Loc...}, goog:chromeOptions: {debuggerAddress: localhost:51406}, javascriptEnabled: true, networkConnectionEnabled: false, pageLoadStrategy: normal, platform: XP, platformName: XP, proxy: Proxy(), setWindowRect: true, strictFileInteractability: false, timeouts: {implicit: 0, pageLoad: 300000, script: 30000}, unhandledPromptBehavior: dismiss and notify}
Session ID: 80c60b481aceafea691e0cc5baf0f28a
	at org.openqa.selenium.remote.http.W3CHttpResponseCodec.createException(W3CHttpResponseCodec.java:187)
	at org.openqa.selenium.remote.http.W3CHttpResponseCodec.decode(W3CHttpResponseCodec.java:122)
	at org.openqa.selenium.remote.http.W3CHttpResponseCodec.decode(W3CHttpResponseCodec.java:49)
	at org.openqa.selenium.remote.HttpCommandExecutor.execute(HttpCommandExecutor.java:158)
	at org.openqa.selenium.remote.service.DriverCommandExecutor.execute(DriverCommandExecutor.java:83)
	at org.openqa.selenium.remote.RemoteWebDriver.execute(RemoteWebDriver.java:552)
	at org.openqa.selenium.remote.RemoteWebDriver.execute(RemoteWebDriver.java:609)
	at org.openqa.selenium.remote.RemoteWebDriver.getScreenshotAs(RemoteWebDriver.java:295)
	at testNG.AakruthiSample.afterMethod(AakruthiSample.java:51)
... Removed 32 stack frames</pre></div><a href='#' onClick='toggleBox("stack-trace1760670079", this, "Click to show all stack frames", "Click to hide stack frames")'>Click to show all stack frames</a>
<div class='stack-trace' id='stack-trace1760670079'><pre>org.openqa.selenium.WebDriverException: unknown error: cannot activate web view
  (Session info: chrome=76.0.3809.100)
Build info: version: &apos;3.141.59&apos;, revision: &apos;e82be7d358&apos;, time: &apos;2018-11-14T08:25:53&apos;
System info: host: &apos;AARAV&apos;, ip: &apos;192.168.1.80&apos;, os.name: &apos;Windows 8.1&apos;, os.arch: &apos;amd64&apos;, os.version: &apos;6.3&apos;, java.version: &apos;1.8.0_221&apos;
Driver info: org.openqa.selenium.chrome.ChromeDriver
Capabilities {acceptInsecureCerts: false, browserName: chrome, browserVersion: 76.0.3809.100, chrome: {chromedriverVersion: 75.0.3770.90 (a6dcaf7e3ec6f..., userDataDir: C:\Users\Deepak\AppData\Loc...}, goog:chromeOptions: {debuggerAddress: localhost:51406}, javascriptEnabled: true, networkConnectionEnabled: false, pageLoadStrategy: normal, platform: XP, platformName: XP, proxy: Proxy(), setWindowRect: true, strictFileInteractability: false, timeouts: {implicit: 0, pageLoad: 300000, script: 30000}, unhandledPromptBehavior: dismiss and notify}
Session ID: 80c60b481aceafea691e0cc5baf0f28a
	at sun.reflect.NativeConstructorAccessorImpl.newInstance0(Native Method)
	at sun.reflect.NativeConstructorAccessorImpl.newInstance(Unknown Source)
	at sun.reflect.DelegatingConstructorAccessorImpl.newInstance(Unknown Source)
	at java.lang.reflect.Constructor.newInstance(Unknown Source)
	at org.openqa.selenium.remote.http.W3CHttpResponseCodec.createException(W3CHttpResponseCodec.java:187)
	at org.openqa.selenium.remote.http.W3CHttpResponseCodec.decode(W3CHttpResponseCodec.java:122)
	at org.openqa.selenium.remote.http.W3CHttpResponseCodec.decode(W3CHttpResponseCodec.java:49)
	at org.openqa.selenium.remote.HttpCommandExecutor.execute(HttpCommandExecutor.java:158)
	at org.openqa.selenium.remote.service.DriverCommandExecutor.execute(DriverCommandExecutor.java:83)
	at org.openqa.selenium.remote.RemoteWebDriver.execute(RemoteWebDriver.java:552)
	at org.openqa.selenium.remote.RemoteWebDriver.execute(RemoteWebDriver.java:609)
	at org.openqa.selenium.remote.RemoteWebDriver.getScreenshotAs(RemoteWebDriver.java:295)
	at testNG.AakruthiSample.afterMethod(AakruthiSample.java:51)
	at sun.reflect.NativeMethodAccessorImpl.invoke0(Native Method)
	at sun.reflect.NativeMethodAccessorImpl.invoke(Unknown Source)
	at sun.reflect.DelegatingMethodAccessorImpl.invoke(Unknown Source)
	at java.lang.reflect.Method.invoke(Unknown Source)
	at org.testng.internal.MethodInvocationHelper.invokeMethod(MethodInvocationHelper.java:124)
	at org.testng.internal.MethodInvocationHelper.invokeMethodConsideringTimeout(MethodInvocationHelper.java:59)
	at org.testng.internal.Invoker.invokeConfigurationMethod(Invoker.java:458)
	at org.testng.internal.Invoker.invokeConfigurations(Invoker.java:222)
	at org.testng.internal.Invoker.invokeMethod(Invoker.java:646)
	at org.testng.internal.Invoker.invokeTestMethod(Invoker.java:719)
	at org.testng.internal.Invoker.invokeTestMethods(Invoker.java:989)
	at org.testng.internal.TestMethodWorker.invokeTestMethods(TestMethodWorker.java:125)
	at org.testng.internal.TestMethodWorker.run(TestMethodWorker.java:109)
	at org.testng.TestRunner.privateRun(TestRunner.java:648)
	at org.testng.TestRunner.run(TestRunner.java:505)
	at org.testng.SuiteRunner.runTest(SuiteRunner.java:455)
	at org.testng.SuiteRunner.runSequentially(SuiteRunner.java:450)
	at org.testng.SuiteRunner.privateRun(SuiteRunner.java:415)
	at org.testng.SuiteRunner.run(SuiteRunner.java:364)
	at org.testng.SuiteRunnerWorker.runSuite(SuiteRunnerWorker.java:52)
	at org.testng.SuiteRunnerWorker.run(SuiteRunnerWorker.java:84)
	at org.testng.TestNG.runSuitesSequentially(TestNG.java:1208)
	at org.testng.TestNG.runSuitesLocally(TestNG.java:1137)
	at org.testng.TestNG.runSuites(TestNG.java:1049)
	at org.testng.TestNG.run(TestNG.java:1017)
	at org.testng.remote.AbstractRemoteTestNG.run(AbstractRemoteTestNG.java:114)
	at org.testng.remote.RemoteTestNG.initAndRun(RemoteTestNG.java:251)
	at org.testng.remote.RemoteTestNG.main(RemoteTestNG.java:77)
</pre></div></td>
<td>1</td>
<td>testNG.AakruthiSample@482f8f11</td></tr>
</table><p>
<table width='100%' border='1' class='invocation-passed'>
<tr><td colspan='4' align='center'><b>PASSED TESTS</b></td></tr>
<tr><td><b>Test method</b></td>
<td width="30%"><b>Exception</b></td>
<td width="10%"><b>Time (seconds)</b></td>
<td><b>Instance</b></td>
</tr>
<tr>
<td title='testNG.SecondProgram.a()'><b>a</b><br>Test class: testNG.SecondProgram</td>
<td></td>
<td>0</td>
<td>testNG.SecondProgram@675d3402</td></tr>
<tr>
<td title='testNG.Priority_Sample.a()'><b>a</b><br>Test class: testNG.Priority_Sample</td>
<td></td>
<td>0</td>
<td>testNG.Priority_Sample@68be2bc2</td></tr>
<tr>
<td title='testNG.FirstProgram.f()'><b>f</b><br>Test class: testNG.FirstProgram</td>
<td></td>
<td>0</td>
<td>testNG.FirstProgram@20e2cbe0</td></tr>
<tr>
<td title='testNG.Annotations_Sample.f()'><b>f</b><br>Test class: testNG.Annotations_Sample</td>
<td></td>
<td>0</td>
<td>testNG.Annotations_Sample@28feb3fa</td></tr>
<tr>
<td title='testNG.SecondProgram.f()'><b>f</b><br>Test class: testNG.SecondProgram</td>
<td></td>
<td>0</td>
<td>testNG.SecondProgram@675d3402</td></tr>
<tr>
<td title='testNG.FB_DataProvider.f()'><b>f</b><br>Test class: testNG.FB_DataProvider<br>Parameters: test123@gmsil.com, a2345sdftg41</td>
<td></td>
<td>14</td>
<td>testNG.FB_DataProvider@51565ec2</td></tr>
<tr>
<td title='testNG.FB_DataProvider.f()'><b>f</b><br>Test class: testNG.FB_DataProvider<br>Parameters: deepak@gmail.com, b534fdgfdg</td>
<td></td>
<td>8</td>
<td>testNG.FB_DataProvider@51565ec2</td></tr>
<tr>
<td title='testNG.AakruthiSample.f()'><b>f</b><br>Test class: testNG.AakruthiSample</td>
<td></td>
<td>11</td>
<td>testNG.AakruthiSample@482f8f11</td></tr>
<tr>
<td title='testNG.DataProviderSample.f()'><b>f</b><br>Test class: testNG.DataProviderSample<br>Parameters: test@gmail.com, Hi32432</td>
<td></td>
<td>0</td>
<td>testNG.DataProviderSample@1593948d</td></tr>
<tr>
<td title='testNG.DataProviderSample.f()'><b>f</b><br>Test class: testNG.DataProviderSample<br>Parameters: Test1@gmail.com, Hellosdf45435</td>
<td></td>
<td>0</td>
<td>testNG.DataProviderSample@1593948d</td></tr>
<tr>
<td title='testNG.Priority_Sample.f()'><b>f</b><br>Test class: testNG.Priority_Sample</td>
<td></td>
<td>0</td>
<td>testNG.Priority_Sample@68be2bc2</td></tr>
<tr>
<td title='testNG.AakruthiSample.r()'><b>r</b><br>Test class: testNG.AakruthiSample</td>
<td></td>
<td>4</td>
<td>testNG.AakruthiSample@482f8f11</td></tr>
<tr>
<td title='testNG.Priority_Sample.test()'><b>test</b><br>Test class: testNG.Priority_Sample</td>
<td></td>
<td>0</td>
<td>testNG.Priority_Sample@68be2bc2</td></tr>
<tr>
<td title='testNG.SecondProgram.test()'><b>test</b><br>Test class: testNG.SecondProgram</td>
<td></td>
<td>0</td>
<td>testNG.SecondProgram@675d3402</td></tr>
</table><p>
</body>
</html>